Unable to init server: Could not connect: Connection refused
Unable to init server: Impossible de se connecter : Connection refused

(principal_simulation.py:898): Gdk-CRITICAL **: 16:44:07.783: gdk_cursor_new_for_display: assertion 'GDK_IS_DISPLAY (display)' failed
2021-12-08 16:44:15.728613: I tensorflow/core/platform/cpu_feature_guard.cc:142] This TensorFlow binary is optimized with oneAPI Deep Neural Network Library (oneDNN) to use the following CPU instructions in performance-critical operations:  AVX2 AVX512F FMA
To enable them in other operations, rebuild TensorFlow with the appropriate compiler flags.
2021-12-08 16:44:16.296534: I tensorflow/core/common_runtime/gpu/gpu_device.cc:1510] Created device /job:localhost/replica:0/task:0/device:GPU:0 with 22294 MB memory:  -> device: 0, name: NVIDIA GeForce RTX 3090, pci bus id: 0000:65:00.0, compute capability: 8.6
2021-12-08 16:44:18.555469: W tensorflow/core/framework/cpu_allocator_impl.cc:80] Allocation of 2859466752 exceeds 10% of free system memory.
2021-12-08 16:44:22.027839: I tensorflow/core/profiler/lib/profiler_session.cc:131] Profiler session initializing.
2021-12-08 16:44:22.028155: I tensorflow/core/profiler/lib/profiler_session.cc:146] Profiler session started.
2021-12-08 16:44:22.028187: I tensorflow/core/profiler/internal/gpu/cupti_tracer.cc:1614] Profiler found 1 GPUs
2021-12-08 16:44:22.028438: W tensorflow/stream_executor/platform/default/dso_loader.cc:64] Could not load dynamic library 'libcupti.so.11.2'; dlerror: libcupti.so.11.2: Ne peut ouvrir le fichier d'objet partagé: Aucun fichier ou dossier de ce type
2021-12-08 16:44:22.175545: I tensorflow/core/profiler/lib/profiler_session.cc:164] Profiler session tear down.
2021-12-08 16:44:22.175732: I tensorflow/core/profiler/internal/gpu/cupti_tracer.cc:1748] CUPTI activity buffer flushed
2021-12-08 16:44:22.222204: W tensorflow/core/framework/cpu_allocator_impl.cc:80] Allocation of 2859466752 exceeds 10% of free system memory.
/usr/local/lib/python3.6/dist-packages/keras/utils/generic_utils.py:497: CustomMaskWarning: Custom mask layers require a config and must override get_config. When loading, the custom mask layer must be passed to the custom_objects argument.
  category=CustomMaskWarning)
2021-12-08 16:44:23.892239: I tensorflow/compiler/mlir/mlir_graph_optimization_pass.cc:185] None of the MLIR Optimization Passes are enabled (registered 2)
2021-12-08 16:44:32.638959: I tensorflow/stream_executor/cuda/cuda_dnn.cc:369] Loaded cuDNN version 8301
2021-12-08 16:44:33.844018: I tensorflow/core/platform/default/subprocess.cc:304] Start cannot spawn child process: Aucun fichier ou dossier de ce type
2021-12-08 16:44:33.954232: I tensorflow/core/util/cuda_solvers.cc:180] Creating CudaSolver handles for stream 0x8a0fce0
2021-12-08 16:44:36.809495: I tensorflow/core/profiler/lib/profiler_session.cc:131] Profiler session initializing.
2021-12-08 16:44:36.809524: I tensorflow/core/profiler/lib/profiler_session.cc:146] Profiler session started.
2021-12-08 16:44:39.483005: I tensorflow/core/profiler/lib/profiler_session.cc:66] Profiler session collecting data.
2021-12-08 16:44:39.483572: I tensorflow/core/profiler/internal/gpu/cupti_tracer.cc:1748] CUPTI activity buffer flushed
2021-12-08 16:44:39.573113: I tensorflow/core/profiler/internal/gpu/cupti_collector.cc:673]  GpuTracer has collected 3315 callback api events and 3341 activity events. 
2021-12-08 16:44:39.642036: I tensorflow/core/profiler/lib/profiler_session.cc:164] Profiler session tear down.
2021-12-08 16:44:39.766581: I tensorflow/core/profiler/rpc/client/save_profile.cc:136] Creating directory: log/2021/12December/08Wednesday/run-16h44m09/tensorboard/train/plugins/profile/2021_12_08_16_44_39

2021-12-08 16:44:39.855789: I tensorflow/core/profiler/rpc/client/save_profile.cc:142] Dumped gzipped tool data for trace.json.gz to log/2021/12December/08Wednesday/run-16h44m09/tensorboard/train/plugins/profile/2021_12_08_16_44_39/sh03.trace.json.gz
2021-12-08 16:44:39.960487: I tensorflow/core/profiler/rpc/client/save_profile.cc:136] Creating directory: log/2021/12December/08Wednesday/run-16h44m09/tensorboard/train/plugins/profile/2021_12_08_16_44_39

2021-12-08 16:44:40.004621: I tensorflow/core/profiler/rpc/client/save_profile.cc:142] Dumped gzipped tool data for memory_profile.json.gz to log/2021/12December/08Wednesday/run-16h44m09/tensorboard/train/plugins/profile/2021_12_08_16_44_39/sh03.memory_profile.json.gz
2021-12-08 16:44:40.143351: I tensorflow/core/profiler/rpc/client/capture_profile.cc:251] Creating directory: log/2021/12December/08Wednesday/run-16h44m09/tensorboard/train/plugins/profile/2021_12_08_16_44_39
Dumped tool data for xplane.pb to log/2021/12December/08Wednesday/run-16h44m09/tensorboard/train/plugins/profile/2021_12_08_16_44_39/sh03.xplane.pb
Dumped tool data for overview_page.pb to log/2021/12December/08Wednesday/run-16h44m09/tensorboard/train/plugins/profile/2021_12_08_16_44_39/sh03.overview_page.pb
Dumped tool data for input_pipeline.pb to log/2021/12December/08Wednesday/run-16h44m09/tensorboard/train/plugins/profile/2021_12_08_16_44_39/sh03.input_pipeline.pb
Dumped tool data for tensorflow_stats.pb to log/2021/12December/08Wednesday/run-16h44m09/tensorboard/train/plugins/profile/2021_12_08_16_44_39/sh03.tensorflow_stats.pb
Dumped tool data for kernel_stats.pb to log/2021/12December/08Wednesday/run-16h44m09/tensorboard/train/plugins/profile/2021_12_08_16_44_39/sh03.kernel_stats.pb

